Build started 10/31/2011 12:20:04 AM.
     1>Project "C:\Users\Kyle\Programs\VisualStudioProjects\TerrainGenerator\ImprovedPerlinNoise\ImprovedPerlinNoise.vcxproj" on node 2 (build target(s)).
     1>InitializeBuildStatus:
         Creating "Release\ImprovedPerlinNoise.unsuccessfulbuild" because "AlwaysCreate" was specified.
       ClCompile:
         c:\Program Files (x86)\Microsoft Visual Studio 10.0\VC\bin\CL.exe /c /IC:\Users\Kyle\Programs\VisualStudioProjects\TerrainGenerator\\include\ /Zi /nologo /W3 /WX- /Od /Oy- /GL /D _MBCS /Gm- /EHsc /MD /GS /Gy /fp:precise /Zc:wchar_t /Zc:forScope /Fo"Release\\" /Fd"Release\vc100.pdb" /Gd /TP /analyze- /errorReport:prompt ImprovedPerlinNoise.cpp
         ImprovedPerlinNoise.cpp
     1>ImprovedPerlinNoise.cpp(68): warning C4244: '=' : conversion from 'double' to 'int', possible loss of data
     1>ImprovedPerlinNoise.cpp(77): warning C4244: 'argument' : conversion from 'time_t' to 'unsigned int', possible loss of data
       Link:
         c:\Program Files (x86)\Microsoft Visual Studio 10.0\VC\bin\link.exe /ERRORREPORT:PROMPT /OUT:"C:\Users\Kyle\Programs\VisualStudioProjects\TerrainGenerator\Release\ImprovedPerlinNoise.exe" /NOLOGO /LIBPATH:C:\Users\Kyle\Programs\VisualStudioProjects\TerrainGenerator\\lib\ libpng15.lib zlib.lib PNGTools.lib /MANIFEST /ManifestFile:"Release\ImprovedPerlinNoise.exe.intermediate.manifest" /MANIFESTUAC:"level='asInvoker' uiAccess='false'" /DEBUG /PDB:"C:\Users\Kyle\Programs\VisualStudioProjects\TerrainGenerator\Release\ImprovedPerlinNoise.pdb" /OPT:REF /OPT:ICF /LTCG /TLBID:1 /DYNAMICBASE /NXCOMPAT /IMPLIB:"C:\Users\Kyle\Programs\VisualStudioProjects\TerrainGenerator\Release\ImprovedPerlinNoise.lib" /MACHINE:X86 Release\ImprovedPerlinNoise.obj
            Creating library C:\Users\Kyle\Programs\VisualStudioProjects\TerrainGenerator\Release\ImprovedPerlinNoise.lib and object C:\Users\Kyle\Programs\VisualStudioProjects\TerrainGenerator\Release\ImprovedPerlinNoise.exp
     1>LINK : warning LNK4098: defaultlib 'LIBCMT' conflicts with use of other libs; use /NODEFAULTLIB:library
         Generating code
         Finished generating code
         ImprovedPerlinNoise.vcxproj -> C:\Users\Kyle\Programs\VisualStudioProjects\TerrainGenerator\Release\ImprovedPerlinNoise.exe
       Manifest:
         C:\Program Files (x86)\Microsoft SDKs\Windows\v7.0A\bin\mt.exe /nologo /verbose /outputresource:"C:\Users\Kyle\Programs\VisualStudioProjects\TerrainGenerator\Release\ImprovedPerlinNoise.exe;#1" /manifest Release\ImprovedPerlinNoise.exe.intermediate.manifest
       FinalizeBuildStatus:
         Deleting file "Release\ImprovedPerlinNoise.unsuccessfulbuild".
         Touching "Release\ImprovedPerlinNoise.lastbuildstate".
     1>Done Building Project "C:\Users\Kyle\Programs\VisualStudioProjects\TerrainGenerator\ImprovedPerlinNoise\ImprovedPerlinNoise.vcxproj" (build target(s)).

Build succeeded.

Time Elapsed 00:00:02.96
