Build started 10/30/2011 3:34:04 PM.
     1>Project "C:\Users\Kyle\Programs\VisualStudioProjects\TerrainGenerator\VoronoiDiagram\VoronoiDiagram.vcxproj" on node 3 (build target(s)).
     1>InitializeBuildStatus:
         Creating "Release\VoronoiDiagram.unsuccessfulbuild" because "AlwaysCreate" was specified.
       ClCompile:
         All outputs are up-to-date.
       Link:
         c:\Program Files (x86)\Microsoft Visual Studio 10.0\VC\bin\link.exe /ERRORREPORT:PROMPT /OUT:"C:\Users\Kyle\Programs\VisualStudioProjects\TerrainGenerator\Release\VoronoiDiagram.exe" /NOLOGO /LIBPATH:C:\Users\Kyle\Programs\VisualStudioProjects\TerrainGenerator\\lib\ libpng15.lib zlib.lib PNGTools.lib /MANIFEST /ManifestFile:"Release\VoronoiDiagram.exe.intermediate.manifest" /MANIFESTUAC:"level='asInvoker' uiAccess='false'" /DEBUG /PDB:"C:\Users\Kyle\Programs\VisualStudioProjects\TerrainGenerator\Release\VoronoiDiagram.pdb" /OPT:REF /OPT:ICF /LTCG /TLBID:1 /DYNAMICBASE /NXCOMPAT /IMPLIB:"C:\Users\Kyle\Programs\VisualStudioProjects\TerrainGenerator\Release\VoronoiDiagram.lib" /MACHINE:X86 Release\VoronoiDiagram.obj
            Creating library C:\Users\Kyle\Programs\VisualStudioProjects\TerrainGenerator\Release\VoronoiDiagram.lib and object C:\Users\Kyle\Programs\VisualStudioProjects\TerrainGenerator\Release\VoronoiDiagram.exp
         Generating code
         Finished generating code
         VoronoiDiagram.vcxproj -> C:\Users\Kyle\Programs\VisualStudioProjects\TerrainGenerator\Release\VoronoiDiagram.exe
       Manifest:
         C:\Program Files (x86)\Microsoft SDKs\Windows\v7.0A\bin\mt.exe /nologo /verbose /outputresource:"C:\Users\Kyle\Programs\VisualStudioProjects\TerrainGenerator\Release\VoronoiDiagram.exe;#1" /manifest Release\VoronoiDiagram.exe.intermediate.manifest
       FinalizeBuildStatus:
         Deleting file "Release\VoronoiDiagram.unsuccessfulbuild".
         Touching "Release\VoronoiDiagram.lastbuildstate".
     1>Done Building Project "C:\Users\Kyle\Programs\VisualStudioProjects\TerrainGenerator\VoronoiDiagram\VoronoiDiagram.vcxproj" (build target(s)).

Build succeeded.

Time Elapsed 00:00:02.60
