C:\Users\Kyle\Programs\libraries\libpng-1.5.0beta47\projects\vstudio\libpng\Debug\cl.command.1.tlog
C:\Users\Kyle\Programs\libraries\libpng-1.5.0beta47\projects\vstudio\libpng\Debug\CL.read.1.tlog
C:\Users\Kyle\Programs\libraries\libpng-1.5.0beta47\projects\vstudio\libpng\Debug\CL.write.1.tlog
C:\USERS\KYLE\PROGRAMS\LIBRARIES\LIBPNG-1.5.0BETA47\PROJECTS\VSTUDIO\LIBPNG\DEBUG\LIBPNG15.PCH
C:\Users\Kyle\Programs\libraries\libpng-1.5.0beta47\projects\vstudio\libpng\Debug\link.command.1.tlog
C:\Users\Kyle\Programs\libraries\libpng-1.5.0beta47\projects\vstudio\libpng\Debug\link.read.1.tlog
C:\Users\Kyle\Programs\libraries\libpng-1.5.0beta47\projects\vstudio\libpng\Debug\link.write.1.tlog
C:\USERS\KYLE\PROGRAMS\LIBRARIES\LIBPNG-1.5.0BETA47\PROJECTS\VSTUDIO\LIBPNG\DEBUG\PNG.OBJ
C:\USERS\KYLE\PROGRAMS\LIBRARIES\LIBPNG-1.5.0BETA47\PROJECTS\VSTUDIO\LIBPNG\DEBUG\PNG.SBR
C:\USERS\KYLE\PROGRAMS\LIBRARIES\LIBPNG-1.5.0BETA47\PROJECTS\VSTUDIO\LIBPNG\DEBUG\PNGERROR.OBJ
C:\USERS\KYLE\PROGRAMS\LIBRARIES\LIBPNG-1.5.0BETA47\PROJECTS\VSTUDIO\LIBPNG\DEBUG\PNGERROR.SBR
C:\USERS\KYLE\PROGRAMS\LIBRARIES\LIBPNG-1.5.0BETA47\PROJECTS\VSTUDIO\LIBPNG\DEBUG\PNGGET.OBJ
C:\USERS\KYLE\PROGRAMS\LIBRARIES\LIBPNG-1.5.0BETA47\PROJECTS\VSTUDIO\LIBPNG\DEBUG\PNGGET.SBR
C:\USERS\KYLE\PROGRAMS\LIBRARIES\LIBPNG-1.5.0BETA47\PROJECTS\VSTUDIO\LIBPNG\DEBUG\PNGMEM.OBJ
C:\USERS\KYLE\PROGRAMS\LIBRARIES\LIBPNG-1.5.0BETA47\PROJECTS\VSTUDIO\LIBPNG\DEBUG\PNGMEM.SBR
C:\USERS\KYLE\PROGRAMS\LIBRARIES\LIBPNG-1.5.0BETA47\PROJECTS\VSTUDIO\LIBPNG\DEBUG\PNGPREAD.OBJ
C:\USERS\KYLE\PROGRAMS\LIBRARIES\LIBPNG-1.5.0BETA47\PROJECTS\VSTUDIO\LIBPNG\DEBUG\PNGPREAD.SBR
C:\USERS\KYLE\PROGRAMS\LIBRARIES\LIBPNG-1.5.0BETA47\PROJECTS\VSTUDIO\LIBPNG\DEBUG\PNGREAD.OBJ
C:\USERS\KYLE\PROGRAMS\LIBRARIES\LIBPNG-1.5.0BETA47\PROJECTS\VSTUDIO\LIBPNG\DEBUG\PNGREAD.SBR
C:\USERS\KYLE\PROGRAMS\LIBRARIES\LIBPNG-1.5.0BETA47\PROJECTS\VSTUDIO\LIBPNG\DEBUG\PNGRIO.OBJ
C:\USERS\KYLE\PROGRAMS\LIBRARIES\LIBPNG-1.5.0BETA47\PROJECTS\VSTUDIO\LIBPNG\DEBUG\PNGRIO.SBR
C:\USERS\KYLE\PROGRAMS\LIBRARIES\LIBPNG-1.5.0BETA47\PROJECTS\VSTUDIO\LIBPNG\DEBUG\PNGRTRAN.OBJ
C:\USERS\KYLE\PROGRAMS\LIBRARIES\LIBPNG-1.5.0BETA47\PROJECTS\VSTUDIO\LIBPNG\DEBUG\PNGRTRAN.SBR
C:\USERS\KYLE\PROGRAMS\LIBRARIES\LIBPNG-1.5.0BETA47\PROJECTS\VSTUDIO\LIBPNG\DEBUG\PNGRUTIL.OBJ
C:\USERS\KYLE\PROGRAMS\LIBRARIES\LIBPNG-1.5.0BETA47\PROJECTS\VSTUDIO\LIBPNG\DEBUG\PNGRUTIL.SBR
C:\USERS\KYLE\PROGRAMS\LIBRARIES\LIBPNG-1.5.0BETA47\PROJECTS\VSTUDIO\LIBPNG\DEBUG\PNGSET.OBJ
C:\USERS\KYLE\PROGRAMS\LIBRARIES\LIBPNG-1.5.0BETA47\PROJECTS\VSTUDIO\LIBPNG\DEBUG\PNGSET.SBR
C:\USERS\KYLE\PROGRAMS\LIBRARIES\LIBPNG-1.5.0BETA47\PROJECTS\VSTUDIO\LIBPNG\DEBUG\PNGTRANS.OBJ
C:\USERS\KYLE\PROGRAMS\LIBRARIES\LIBPNG-1.5.0BETA47\PROJECTS\VSTUDIO\LIBPNG\DEBUG\PNGTRANS.SBR
C:\USERS\KYLE\PROGRAMS\LIBRARIES\LIBPNG-1.5.0BETA47\PROJECTS\VSTUDIO\LIBPNG\DEBUG\PNGWIN.RES
C:\USERS\KYLE\PROGRAMS\LIBRARIES\LIBPNG-1.5.0BETA47\PROJECTS\VSTUDIO\LIBPNG\DEBUG\PNGWIO.OBJ
C:\USERS\KYLE\PROGRAMS\LIBRARIES\LIBPNG-1.5.0BETA47\PROJECTS\VSTUDIO\LIBPNG\DEBUG\PNGWIO.SBR
C:\USERS\KYLE\PROGRAMS\LIBRARIES\LIBPNG-1.5.0BETA47\PROJECTS\VSTUDIO\LIBPNG\DEBUG\PNGWRITE.OBJ
C:\USERS\KYLE\PROGRAMS\LIBRARIES\LIBPNG-1.5.0BETA47\PROJECTS\VSTUDIO\LIBPNG\DEBUG\PNGWRITE.SBR
C:\USERS\KYLE\PROGRAMS\LIBRARIES\LIBPNG-1.5.0BETA47\PROJECTS\VSTUDIO\LIBPNG\DEBUG\PNGWTRAN.OBJ
C:\USERS\KYLE\PROGRAMS\LIBRARIES\LIBPNG-1.5.0BETA47\PROJECTS\VSTUDIO\LIBPNG\DEBUG\PNGWTRAN.SBR
C:\USERS\KYLE\PROGRAMS\LIBRARIES\LIBPNG-1.5.0BETA47\PROJECTS\VSTUDIO\LIBPNG\DEBUG\PNGWUTIL.OBJ
C:\USERS\KYLE\PROGRAMS\LIBRARIES\LIBPNG-1.5.0BETA47\PROJECTS\VSTUDIO\LIBPNG\DEBUG\PNGWUTIL.SBR
C:\Users\Kyle\Programs\libraries\libpng-1.5.0beta47\projects\vstudio\libpng\Debug\rc.command.1.tlog
C:\Users\Kyle\Programs\libraries\libpng-1.5.0beta47\projects\vstudio\libpng\Debug\rc.read.1.tlog
C:\Users\Kyle\Programs\libraries\libpng-1.5.0beta47\projects\vstudio\libpng\Debug\rc.write.1.tlog
C:\USERS\KYLE\PROGRAMS\LIBRARIES\LIBPNG-1.5.0BETA47\PROJECTS\VSTUDIO\LIBPNG\DEBUG\VC100.PDB
