Build started 10/30/2011 3:29:46 PM.
     1>Project "C:\Users\Kyle\Programs\VisualStudioProjects\TerrainGenerator\PNGTools\PNGTools.vcxproj" on node 2 (rebuild target(s)).
     1>_PrepareForClean:
         Deleting file "Release\PNGTools.lastbuildstate".
       InitializeBuildStatus:
         Creating "Release\PNGTools.unsuccessfulbuild" because "AlwaysCreate" was specified.
       ClCompile:
         c:\Program Files (x86)\Microsoft Visual Studio 10.0\VC\bin\CL.exe /c /IC:\Users\Kyle\Programs\VisualStudioProjects\TerrainGenerator\\include\ /Zi /nologo /W3 /WX- /O2 /Oi /Oy- /GL /D WIN32 /D NDEBUG /D _LIB /D _UNICODE /D UNICODE /Gm- /EHsc /MT /GS /Gy /fp:precise /Zc:wchar_t /Zc:forScope /Fo"Release\\" /Fd"Release\vc100.pdb" /Gd /TP /analyze- /errorReport:prompt PNGTools.cpp
         PNGTools.cpp
     1>PNGTools.cpp(32): warning C4996: 'fopen': This function or variable may be unsafe. Consider using fopen_s instead. To disable deprecation, use _CRT_SECURE_NO_WARNINGS. See online help for details.
                 c:\Program Files (x86)\Microsoft Visual Studio 10.0\VC\include\stdio.h(234) : see declaration of 'fopen'
       Lib:
         c:\Program Files (x86)\Microsoft Visual Studio 10.0\VC\bin\Lib.exe /OUT:"C:\Users\Kyle\Programs\VisualStudioProjects\TerrainGenerator\\lib\PNGTools.lib" libpng15.lib /LIBPATH:C:\Users\Kyle\Programs\VisualStudioProjects\TerrainGenerator\\lib\ /NOLOGO /LTCG Release\PNGTools.obj
         PNGTools.vcxproj -> C:\Users\Kyle\Programs\VisualStudioProjects\TerrainGenerator\\lib\PNGTools.lib
       FinalizeBuildStatus:
         Deleting file "Release\PNGTools.unsuccessfulbuild".
         Touching "Release\PNGTools.lastbuildstate".
     1>Done Building Project "C:\Users\Kyle\Programs\VisualStudioProjects\TerrainGenerator\PNGTools\PNGTools.vcxproj" (rebuild target(s)).

Build succeeded.

Time Elapsed 00:00:00.41
