Build started 10/30/2011 3:34:04 PM.
     1>Project "C:\Users\Kyle\Programs\VisualStudioProjects\TerrainGenerator\DiamondSquare\DiamondSquare.vcxproj" on node 2 (build target(s)).
     1>InitializeBuildStatus:
         Creating "Release\DiamondSquare.unsuccessfulbuild" because "AlwaysCreate" was specified.
       ClCompile:
         All outputs are up-to-date.
       Link:
         c:\Program Files (x86)\Microsoft Visual Studio 10.0\VC\bin\link.exe /ERRORREPORT:PROMPT /OUT:"C:\Users\Kyle\Programs\VisualStudioProjects\TerrainGenerator\Release\DiamondSquare.exe" /NOLOGO /LIBPATH:C:\Users\Kyle\Programs\VisualStudioProjects\TerrainGenerator\\lib\ libpng15.lib zlib.lib PNGTools.lib /MANIFEST /ManifestFile:"Release\DiamondSquare.exe.intermediate.manifest" /MANIFESTUAC:"level='asInvoker' uiAccess='false'" /DEBUG /PDB:"C:\Users\Kyle\Programs\VisualStudioProjects\TerrainGenerator\Release\DiamondSquare.pdb" /OPT:REF /OPT:ICF /LTCG /TLBID:1 /DYNAMICBASE /NXCOMPAT /IMPLIB:"C:\Users\Kyle\Programs\VisualStudioProjects\TerrainGenerator\Release\DiamondSquare.lib" /MACHINE:X86 Release\DiamodSquare.obj
            Creating library C:\Users\Kyle\Programs\VisualStudioProjects\TerrainGenerator\Release\DiamondSquare.lib and object C:\Users\Kyle\Programs\VisualStudioProjects\TerrainGenerator\Release\DiamondSquare.exp
         Generating code
         Finished generating code
         DiamondSquare.vcxproj -> C:\Users\Kyle\Programs\VisualStudioProjects\TerrainGenerator\Release\DiamondSquare.exe
       Manifest:
         C:\Program Files (x86)\Microsoft SDKs\Windows\v7.0A\bin\mt.exe /nologo /verbose /outputresource:"C:\Users\Kyle\Programs\VisualStudioProjects\TerrainGenerator\Release\DiamondSquare.exe;#1" /manifest Release\DiamondSquare.exe.intermediate.manifest
       FinalizeBuildStatus:
         Deleting file "Release\DiamondSquare.unsuccessfulbuild".
         Touching "Release\DiamondSquare.lastbuildstate".
     1>Done Building Project "C:\Users\Kyle\Programs\VisualStudioProjects\TerrainGenerator\DiamondSquare\DiamondSquare.vcxproj" (build target(s)).

Build succeeded.

Time Elapsed 00:00:02.48
