C:\Users\Kyle\Programs\VisualStudioProjects\TerrainGenerator\\lib\libpng15.bsc
C:\Users\Kyle\Programs\VisualStudioProjects\TerrainGenerator\\lib\libpng15.lib
C:\USERS\KYLE\PROGRAMS\VISUALSTUDIOPROJECTS\TERRAINGENERATOR\LIB\LIBPNG15.LIB
C:\Users\Kyle\Programs\VisualStudioProjects\TerrainGenerator\libpng\projects\vstudio\libpng\Release Library\BscMake.command.1.tlog
C:\Users\Kyle\Programs\VisualStudioProjects\TerrainGenerator\libpng\projects\vstudio\libpng\Release Library\bscmake.read.1.tlog
C:\Users\Kyle\Programs\VisualStudioProjects\TerrainGenerator\libpng\projects\vstudio\libpng\Release Library\bscmake.write.1.tlog
C:\Users\Kyle\Programs\VisualStudioProjects\TerrainGenerator\libpng\projects\vstudio\libpng\Release Library\cl.command.1.tlog
C:\Users\Kyle\Programs\VisualStudioProjects\TerrainGenerator\libpng\projects\vstudio\libpng\Release Library\CL.read.1.tlog
C:\Users\Kyle\Programs\VisualStudioProjects\TerrainGenerator\libpng\projects\vstudio\libpng\Release Library\CL.write.1.tlog
C:\Users\Kyle\Programs\VisualStudioProjects\TerrainGenerator\libpng\projects\vstudio\libpng\Release Library\lib.command.1.tlog
C:\Users\Kyle\Programs\VisualStudioProjects\TerrainGenerator\libpng\projects\vstudio\libpng\Release Library\Lib-link.read.1.tlog
C:\Users\Kyle\Programs\VisualStudioProjects\TerrainGenerator\libpng\projects\vstudio\libpng\Release Library\Lib-link.write.1.tlog
C:\USERS\KYLE\PROGRAMS\VISUALSTUDIOPROJECTS\TERRAINGENERATOR\LIBPNG\PROJECTS\VSTUDIO\LIBPNG\RELEASE LIBRARY\LIBPNG15.PCH
C:\USERS\KYLE\PROGRAMS\VISUALSTUDIOPROJECTS\TERRAINGENERATOR\LIBPNG\PROJECTS\VSTUDIO\LIBPNG\RELEASE LIBRARY\PNG.OBJ
C:\USERS\KYLE\PROGRAMS\VISUALSTUDIOPROJECTS\TERRAINGENERATOR\LIBPNG\PROJECTS\VSTUDIO\LIBPNG\RELEASE LIBRARY\PNG.SBR
C:\USERS\KYLE\PROGRAMS\VISUALSTUDIOPROJECTS\TERRAINGENERATOR\LIBPNG\PROJECTS\VSTUDIO\LIBPNG\RELEASE LIBRARY\PNGERROR.OBJ
C:\USERS\KYLE\PROGRAMS\VISUALSTUDIOPROJECTS\TERRAINGENERATOR\LIBPNG\PROJECTS\VSTUDIO\LIBPNG\RELEASE LIBRARY\PNGERROR.SBR
C:\USERS\KYLE\PROGRAMS\VISUALSTUDIOPROJECTS\TERRAINGENERATOR\LIBPNG\PROJECTS\VSTUDIO\LIBPNG\RELEASE LIBRARY\PNGGET.OBJ
C:\USERS\KYLE\PROGRAMS\VISUALSTUDIOPROJECTS\TERRAINGENERATOR\LIBPNG\PROJECTS\VSTUDIO\LIBPNG\RELEASE LIBRARY\PNGGET.SBR
C:\USERS\KYLE\PROGRAMS\VISUALSTUDIOPROJECTS\TERRAINGENERATOR\LIBPNG\PROJECTS\VSTUDIO\LIBPNG\RELEASE LIBRARY\PNGMEM.OBJ
C:\USERS\KYLE\PROGRAMS\VISUALSTUDIOPROJECTS\TERRAINGENERATOR\LIBPNG\PROJECTS\VSTUDIO\LIBPNG\RELEASE LIBRARY\PNGMEM.SBR
C:\USERS\KYLE\PROGRAMS\VISUALSTUDIOPROJECTS\TERRAINGENERATOR\LIBPNG\PROJECTS\VSTUDIO\LIBPNG\RELEASE LIBRARY\PNGPREAD.OBJ
C:\USERS\KYLE\PROGRAMS\VISUALSTUDIOPROJECTS\TERRAINGENERATOR\LIBPNG\PROJECTS\VSTUDIO\LIBPNG\RELEASE LIBRARY\PNGPREAD.SBR
C:\USERS\KYLE\PROGRAMS\VISUALSTUDIOPROJECTS\TERRAINGENERATOR\LIBPNG\PROJECTS\VSTUDIO\LIBPNG\RELEASE LIBRARY\PNGREAD.OBJ
C:\USERS\KYLE\PROGRAMS\VISUALSTUDIOPROJECTS\TERRAINGENERATOR\LIBPNG\PROJECTS\VSTUDIO\LIBPNG\RELEASE LIBRARY\PNGREAD.SBR
C:\USERS\KYLE\PROGRAMS\VISUALSTUDIOPROJECTS\TERRAINGENERATOR\LIBPNG\PROJECTS\VSTUDIO\LIBPNG\RELEASE LIBRARY\PNGRIO.OBJ
C:\USERS\KYLE\PROGRAMS\VISUALSTUDIOPROJECTS\TERRAINGENERATOR\LIBPNG\PROJECTS\VSTUDIO\LIBPNG\RELEASE LIBRARY\PNGRIO.SBR
C:\USERS\KYLE\PROGRAMS\VISUALSTUDIOPROJECTS\TERRAINGENERATOR\LIBPNG\PROJECTS\VSTUDIO\LIBPNG\RELEASE LIBRARY\PNGRTRAN.OBJ
C:\USERS\KYLE\PROGRAMS\VISUALSTUDIOPROJECTS\TERRAINGENERATOR\LIBPNG\PROJECTS\VSTUDIO\LIBPNG\RELEASE LIBRARY\PNGRTRAN.SBR
C:\USERS\KYLE\PROGRAMS\VISUALSTUDIOPROJECTS\TERRAINGENERATOR\LIBPNG\PROJECTS\VSTUDIO\LIBPNG\RELEASE LIBRARY\PNGRUTIL.OBJ
C:\USERS\KYLE\PROGRAMS\VISUALSTUDIOPROJECTS\TERRAINGENERATOR\LIBPNG\PROJECTS\VSTUDIO\LIBPNG\RELEASE LIBRARY\PNGRUTIL.SBR
C:\USERS\KYLE\PROGRAMS\VISUALSTUDIOPROJECTS\TERRAINGENERATOR\LIBPNG\PROJECTS\VSTUDIO\LIBPNG\RELEASE LIBRARY\PNGSET.OBJ
C:\USERS\KYLE\PROGRAMS\VISUALSTUDIOPROJECTS\TERRAINGENERATOR\LIBPNG\PROJECTS\VSTUDIO\LIBPNG\RELEASE LIBRARY\PNGSET.SBR
C:\USERS\KYLE\PROGRAMS\VISUALSTUDIOPROJECTS\TERRAINGENERATOR\LIBPNG\PROJECTS\VSTUDIO\LIBPNG\RELEASE LIBRARY\PNGTRANS.OBJ
C:\USERS\KYLE\PROGRAMS\VISUALSTUDIOPROJECTS\TERRAINGENERATOR\LIBPNG\PROJECTS\VSTUDIO\LIBPNG\RELEASE LIBRARY\PNGTRANS.SBR
C:\USERS\KYLE\PROGRAMS\VISUALSTUDIOPROJECTS\TERRAINGENERATOR\LIBPNG\PROJECTS\VSTUDIO\LIBPNG\RELEASE LIBRARY\PNGWIO.OBJ
C:\USERS\KYLE\PROGRAMS\VISUALSTUDIOPROJECTS\TERRAINGENERATOR\LIBPNG\PROJECTS\VSTUDIO\LIBPNG\RELEASE LIBRARY\PNGWIO.SBR
C:\USERS\KYLE\PROGRAMS\VISUALSTUDIOPROJECTS\TERRAINGENERATOR\LIBPNG\PROJECTS\VSTUDIO\LIBPNG\RELEASE LIBRARY\PNGWRITE.OBJ
C:\USERS\KYLE\PROGRAMS\VISUALSTUDIOPROJECTS\TERRAINGENERATOR\LIBPNG\PROJECTS\VSTUDIO\LIBPNG\RELEASE LIBRARY\PNGWRITE.SBR
C:\USERS\KYLE\PROGRAMS\VISUALSTUDIOPROJECTS\TERRAINGENERATOR\LIBPNG\PROJECTS\VSTUDIO\LIBPNG\RELEASE LIBRARY\PNGWTRAN.OBJ
C:\USERS\KYLE\PROGRAMS\VISUALSTUDIOPROJECTS\TERRAINGENERATOR\LIBPNG\PROJECTS\VSTUDIO\LIBPNG\RELEASE LIBRARY\PNGWTRAN.SBR
C:\USERS\KYLE\PROGRAMS\VISUALSTUDIOPROJECTS\TERRAINGENERATOR\LIBPNG\PROJECTS\VSTUDIO\LIBPNG\RELEASE LIBRARY\PNGWUTIL.OBJ
C:\USERS\KYLE\PROGRAMS\VISUALSTUDIOPROJECTS\TERRAINGENERATOR\LIBPNG\PROJECTS\VSTUDIO\LIBPNG\RELEASE LIBRARY\PNGWUTIL.SBR
C:\USERS\KYLE\PROGRAMS\VISUALSTUDIOPROJECTS\TERRAINGENERATOR\LIBPNG\PROJECTS\VSTUDIO\LIBPNG\RELEASE LIBRARY\VC100.PDB
