C:\Users\Kyle\Programs\VisualStudioProjects\TerrainGenerator\\lib\zlib.bsc
C:\Users\Kyle\Programs\VisualStudioProjects\TerrainGenerator\\lib\zlib.lib
C:\USERS\KYLE\PROGRAMS\VISUALSTUDIOPROJECTS\TERRAINGENERATOR\LIB\ZLIB.LIB
C:\USERS\KYLE\PROGRAMS\VISUALSTUDIOPROJECTS\TERRAINGENERATOR\LIBPNG\PROJECTS\VSTUDIO\ZLIB\RELEASE LIBRARY\ADLER32.OBJ
C:\USERS\KYLE\PROGRAMS\VISUALSTUDIOPROJECTS\TERRAINGENERATOR\LIBPNG\PROJECTS\VSTUDIO\ZLIB\RELEASE LIBRARY\ADLER32.SBR
C:\Users\Kyle\Programs\VisualStudioProjects\TerrainGenerator\libpng\projects\vstudio\zlib\Release Library\BscMake.command.1.tlog
C:\Users\Kyle\Programs\VisualStudioProjects\TerrainGenerator\libpng\projects\vstudio\zlib\Release Library\bscmake.read.1.tlog
C:\Users\Kyle\Programs\VisualStudioProjects\TerrainGenerator\libpng\projects\vstudio\zlib\Release Library\bscmake.write.1.tlog
C:\Users\Kyle\Programs\VisualStudioProjects\TerrainGenerator\libpng\projects\vstudio\zlib\Release Library\cl.command.1.tlog
C:\Users\Kyle\Programs\VisualStudioProjects\TerrainGenerator\libpng\projects\vstudio\zlib\Release Library\CL.read.1.tlog
C:\Users\Kyle\Programs\VisualStudioProjects\TerrainGenerator\libpng\projects\vstudio\zlib\Release Library\CL.write.1.tlog
C:\USERS\KYLE\PROGRAMS\VISUALSTUDIOPROJECTS\TERRAINGENERATOR\LIBPNG\PROJECTS\VSTUDIO\ZLIB\RELEASE LIBRARY\COMPRESS.OBJ
C:\USERS\KYLE\PROGRAMS\VISUALSTUDIOPROJECTS\TERRAINGENERATOR\LIBPNG\PROJECTS\VSTUDIO\ZLIB\RELEASE LIBRARY\COMPRESS.SBR
C:\USERS\KYLE\PROGRAMS\VISUALSTUDIOPROJECTS\TERRAINGENERATOR\LIBPNG\PROJECTS\VSTUDIO\ZLIB\RELEASE LIBRARY\CRC32.OBJ
C:\USERS\KYLE\PROGRAMS\VISUALSTUDIOPROJECTS\TERRAINGENERATOR\LIBPNG\PROJECTS\VSTUDIO\ZLIB\RELEASE LIBRARY\CRC32.SBR
C:\USERS\KYLE\PROGRAMS\VISUALSTUDIOPROJECTS\TERRAINGENERATOR\LIBPNG\PROJECTS\VSTUDIO\ZLIB\RELEASE LIBRARY\DEFLATE.OBJ
C:\USERS\KYLE\PROGRAMS\VISUALSTUDIOPROJECTS\TERRAINGENERATOR\LIBPNG\PROJECTS\VSTUDIO\ZLIB\RELEASE LIBRARY\DEFLATE.SBR
C:\USERS\KYLE\PROGRAMS\VISUALSTUDIOPROJECTS\TERRAINGENERATOR\LIBPNG\PROJECTS\VSTUDIO\ZLIB\RELEASE LIBRARY\INFBACK.OBJ
C:\USERS\KYLE\PROGRAMS\VISUALSTUDIOPROJECTS\TERRAINGENERATOR\LIBPNG\PROJECTS\VSTUDIO\ZLIB\RELEASE LIBRARY\INFBACK.SBR
C:\USERS\KYLE\PROGRAMS\VISUALSTUDIOPROJECTS\TERRAINGENERATOR\LIBPNG\PROJECTS\VSTUDIO\ZLIB\RELEASE LIBRARY\INFFAST.OBJ
C:\USERS\KYLE\PROGRAMS\VISUALSTUDIOPROJECTS\TERRAINGENERATOR\LIBPNG\PROJECTS\VSTUDIO\ZLIB\RELEASE LIBRARY\INFFAST.SBR
C:\USERS\KYLE\PROGRAMS\VISUALSTUDIOPROJECTS\TERRAINGENERATOR\LIBPNG\PROJECTS\VSTUDIO\ZLIB\RELEASE LIBRARY\INFLATE.OBJ
C:\USERS\KYLE\PROGRAMS\VISUALSTUDIOPROJECTS\TERRAINGENERATOR\LIBPNG\PROJECTS\VSTUDIO\ZLIB\RELEASE LIBRARY\INFLATE.SBR
C:\USERS\KYLE\PROGRAMS\VISUALSTUDIOPROJECTS\TERRAINGENERATOR\LIBPNG\PROJECTS\VSTUDIO\ZLIB\RELEASE LIBRARY\INFTREES.OBJ
C:\USERS\KYLE\PROGRAMS\VISUALSTUDIOPROJECTS\TERRAINGENERATOR\LIBPNG\PROJECTS\VSTUDIO\ZLIB\RELEASE LIBRARY\INFTREES.SBR
C:\Users\Kyle\Programs\VisualStudioProjects\TerrainGenerator\libpng\projects\vstudio\zlib\Release Library\lib.command.1.tlog
C:\Users\Kyle\Programs\VisualStudioProjects\TerrainGenerator\libpng\projects\vstudio\zlib\Release Library\Lib-link.read.1.tlog
C:\Users\Kyle\Programs\VisualStudioProjects\TerrainGenerator\libpng\projects\vstudio\zlib\Release Library\Lib-link.write.1.tlog
C:\USERS\KYLE\PROGRAMS\VISUALSTUDIOPROJECTS\TERRAINGENERATOR\LIBPNG\PROJECTS\VSTUDIO\ZLIB\RELEASE LIBRARY\TREES.OBJ
C:\USERS\KYLE\PROGRAMS\VISUALSTUDIOPROJECTS\TERRAINGENERATOR\LIBPNG\PROJECTS\VSTUDIO\ZLIB\RELEASE LIBRARY\TREES.SBR
C:\USERS\KYLE\PROGRAMS\VISUALSTUDIOPROJECTS\TERRAINGENERATOR\LIBPNG\PROJECTS\VSTUDIO\ZLIB\RELEASE LIBRARY\UNCOMPR.OBJ
C:\USERS\KYLE\PROGRAMS\VISUALSTUDIOPROJECTS\TERRAINGENERATOR\LIBPNG\PROJECTS\VSTUDIO\ZLIB\RELEASE LIBRARY\UNCOMPR.SBR
C:\USERS\KYLE\PROGRAMS\VISUALSTUDIOPROJECTS\TERRAINGENERATOR\LIBPNG\PROJECTS\VSTUDIO\ZLIB\RELEASE LIBRARY\VC100.PDB
C:\USERS\KYLE\PROGRAMS\VISUALSTUDIOPROJECTS\TERRAINGENERATOR\LIBPNG\PROJECTS\VSTUDIO\ZLIB\RELEASE LIBRARY\ZUTIL.OBJ
C:\USERS\KYLE\PROGRAMS\VISUALSTUDIOPROJECTS\TERRAINGENERATOR\LIBPNG\PROJECTS\VSTUDIO\ZLIB\RELEASE LIBRARY\ZUTIL.SBR
